# Logfile created on 2014-09-18 13:08:06 -0300 by logger.rb/44203
I, [2014-09-18T13:08:06.015626 #8598]  INFO -- : 0:  diff-lcs (1.2.5) from /Users/viniciusteles/.rvm/gems/ruby-2.1.0@global/specifications/diff-lcs-1.2.5.gemspec
I, [2014-09-18T13:08:09.046004 #8598]  INFO -- : 0:  rspec-support (3.1.0) from /Users/viniciusteles/.rvm/gems/ruby-2.1.0/specifications/rspec-support-3.1.0.gemspec
I, [2014-09-18T13:08:12.937393 #8598]  INFO -- : 0:  rspec-core (3.1.3) from /Users/viniciusteles/.rvm/gems/ruby-2.1.0/specifications/rspec-core-3.1.3.gemspec
I, [2014-09-18T13:08:15.482651 #8598]  INFO -- : 0:  rspec-expectations (3.1.1) from /Users/viniciusteles/.rvm/gems/ruby-2.1.0/specifications/rspec-expectations-3.1.1.gemspec
I, [2014-09-18T13:08:18.611284 #8598]  INFO -- : 0:  rspec-mocks (3.1.0) from /Users/viniciusteles/.rvm/gems/ruby-2.1.0/specifications/rspec-mocks-3.1.0.gemspec
I, [2014-09-18T13:08:20.993506 #8598]  INFO -- : 0:  rspec (3.1.0) from /Users/viniciusteles/.rvm/gems/ruby-2.1.0/specifications/rspec-3.1.0.gemspec
I, [2014-09-18T13:08:20.994039 #8598]  INFO -- : 0:  bundler (1.5.1) from /Users/viniciusteles/.rvm/gems/ruby-2.1.0@global/specifications/bundler-1.5.1.gemspec
I, [2014-09-18T13:20:40.296102 #8695]  INFO -- : 0:  diff-lcs (1.2.5) from /Users/viniciusteles/.rvm/gems/ruby-2.1.0@global/specifications/diff-lcs-1.2.5.gemspec
I, [2014-09-18T13:20:40.316572 #8695]  INFO -- : 0:  docile (1.1.5) from /Users/viniciusteles/.rvm/gems/ruby-2.1.0/specifications/docile-1.1.5.gemspec
I, [2014-09-18T13:20:40.317077 #8695]  INFO -- : 0:  multi_json (1.10.1) from /Users/viniciusteles/.rvm/gems/ruby-2.1.0/specifications/multi_json-1.10.1.gemspec
I, [2014-09-18T13:20:40.317386 #8695]  INFO -- : 0:  rspec-support (3.1.0) from /Users/viniciusteles/.rvm/gems/ruby-2.1.0/specifications/rspec-support-3.1.0.gemspec
I, [2014-09-18T13:20:40.317674 #8695]  INFO -- : 0:  rspec-core (3.1.3) from /Users/viniciusteles/.rvm/gems/ruby-2.1.0/specifications/rspec-core-3.1.3.gemspec
I, [2014-09-18T13:20:40.317959 #8695]  INFO -- : 0:  rspec-expectations (3.1.1) from /Users/viniciusteles/.rvm/gems/ruby-2.1.0/specifications/rspec-expectations-3.1.1.gemspec
I, [2014-09-18T13:20:40.318236 #8695]  INFO -- : 0:  rspec-mocks (3.1.0) from /Users/viniciusteles/.rvm/gems/ruby-2.1.0/specifications/rspec-mocks-3.1.0.gemspec
I, [2014-09-18T13:20:40.318489 #8695]  INFO -- : 0:  rspec (3.1.0) from /Users/viniciusteles/.rvm/gems/ruby-2.1.0/specifications/rspec-3.1.0.gemspec
I, [2014-09-18T13:20:40.318770 #8695]  INFO -- : 0:  simplecov-html (0.8.0) from /Users/viniciusteles/.rvm/gems/ruby-2.1.0@global/specifications/simplecov-html-0.8.0.gemspec
I, [2014-09-18T13:20:40.319099 #8695]  INFO -- : 0:  simplecov (0.8.2) from /Users/viniciusteles/.rvm/gems/ruby-2.1.0@global/specifications/simplecov-0.8.2.gemspec
I, [2014-09-18T13:20:40.319500 #8695]  INFO -- : 0:  bundler (1.5.1) from /Users/viniciusteles/.rvm/gems/ruby-2.1.0@global/specifications/bundler-1.5.1.gemspec
I, [2014-09-18T13:29:36.920557 #8790]  INFO -- : 0:  coderay (1.1.0) from /Users/viniciusteles/.rvm/gems/ruby-2.1.0@global/specifications/coderay-1.1.0.gemspec
I, [2014-09-18T13:29:36.941558 #8790]  INFO -- : 0:  diff-lcs (1.2.5) from /Users/viniciusteles/.rvm/gems/ruby-2.1.0@global/specifications/diff-lcs-1.2.5.gemspec
I, [2014-09-18T13:29:36.942045 #8790]  INFO -- : 0:  docile (1.1.5) from /Users/viniciusteles/.rvm/gems/ruby-2.1.0/specifications/docile-1.1.5.gemspec
I, [2014-09-18T13:29:39.582383 #8790]  INFO -- : 0:  method_source (0.8.2) from /Users/viniciusteles/.rvm/gems/ruby-2.1.0/specifications/method_source-0.8.2.gemspec
I, [2014-09-18T13:29:39.582958 #8790]  INFO -- : 0:  multi_json (1.10.1) from /Users/viniciusteles/.rvm/gems/ruby-2.1.0/specifications/multi_json-1.10.1.gemspec
I, [2014-09-18T13:29:42.489777 #8790]  INFO -- : 0:  slop (3.6.0) from /Users/viniciusteles/.rvm/gems/ruby-2.1.0/specifications/slop-3.6.0.gemspec
I, [2014-09-18T13:29:48.091160 #8790]  INFO -- : 0:  pry (0.10.1) from /Users/viniciusteles/.rvm/gems/ruby-2.1.0/specifications/pry-0.10.1.gemspec
I, [2014-09-18T13:29:48.091581 #8790]  INFO -- : 0:  rspec-support (3.1.0) from /Users/viniciusteles/.rvm/gems/ruby-2.1.0/specifications/rspec-support-3.1.0.gemspec
I, [2014-09-18T13:29:48.091922 #8790]  INFO -- : 0:  rspec-core (3.1.3) from /Users/viniciusteles/.rvm/gems/ruby-2.1.0/specifications/rspec-core-3.1.3.gemspec
I, [2014-09-18T13:29:48.092268 #8790]  INFO -- : 0:  rspec-expectations (3.1.1) from /Users/viniciusteles/.rvm/gems/ruby-2.1.0/specifications/rspec-expectations-3.1.1.gemspec
I, [2014-09-18T13:29:48.092592 #8790]  INFO -- : 0:  rspec-mocks (3.1.0) from /Users/viniciusteles/.rvm/gems/ruby-2.1.0/specifications/rspec-mocks-3.1.0.gemspec
I, [2014-09-18T13:29:48.092902 #8790]  INFO -- : 0:  rspec (3.1.0) from /Users/viniciusteles/.rvm/gems/ruby-2.1.0/specifications/rspec-3.1.0.gemspec
I, [2014-09-18T13:29:48.093225 #8790]  INFO -- : 0:  simplecov-html (0.8.0) from /Users/viniciusteles/.rvm/gems/ruby-2.1.0@global/specifications/simplecov-html-0.8.0.gemspec
I, [2014-09-18T13:29:48.093525 #8790]  INFO -- : 0:  simplecov (0.8.2) from /Users/viniciusteles/.rvm/gems/ruby-2.1.0@global/specifications/simplecov-0.8.2.gemspec
I, [2014-09-18T13:29:48.093817 #8790]  INFO -- : 0:  bundler (1.5.1) from /Users/viniciusteles/.rvm/gems/ruby-2.1.0@global/specifications/bundler-1.5.1.gemspec
